2022-03-11 01:55:25 DEBUG TestLog:44 - rs2: org.h2.result.LocalResult@62150f9e columns: 5 rows: 1 pos: -1
  2022-03-11 02:09:20 DEBUG TestLog:46 - rs2: org.h2.result.LocalResult@62150f9e columns: 5 rows: 0 pos: -1
  2022-03-11 02:09:49 DEBUG TestLog:46 - test
  2022-03-11 02:11:24 DEBUG TestLog:62 - 1 Caradagian 55 Titanes 2021-02-06
  2022-03-11 02:11:24 DEBUG TestLog:62 - 2 tufimeme 44 desierto 2010-01-15
  2022-03-11 02:11:24 DEBUG TestLog:62 - 3 kato 24 Ring 1998-05-17
  2022-03-11 02:11:24 DEBUG TestLog:62 - 4 el hombre de la barra de hielo 55 Ring 1998-05-17
  2022-03-11 02:11:24 DEBUG TestLog:62 - 6 william boo 222 214142 1998-02-17
  2022-03-11 02:13:12 DEBUG TestLog:67 - 1 Caradagian 55 Titanes 2021-02-06
  2022-03-11 02:13:12 DEBUG TestLog:67 - 2 tufimeme 44 desierto 2010-01-15
  2022-03-11 02:13:12 DEBUG TestLog:67 - 3 kato 24 Ring 1998-05-17
  2022-03-11 02:13:12 DEBUG TestLog:67 - 4 el hombre de la barra de hielo 55 Ring 1998-05-17
  2022-03-11 02:13:12 DEBUG TestLog:67 - 6 william boo 222 214142 1998-02-17
  2022-03-11 02:35:51 DEBUG TestLog:48 - 1 Caradagian 55 Titanes 2021-02-06
  2022-03-11 02:36:54 DEBUG TestLog:48 - Ha sido actualizada la informacion del siguiente empleado:1 Caradagian 55 Titanes 2021-02-06
  2022-03-11 02:38:16 DEBUG TestLog:48 - Ha sido actualizada la informacion del siguiente empleado: 3 Caradagian 24 Ring 1998-05-17
  2022-03-11 02:44:01 DEBUG TestLog:47 - Ha sido actualizada la informacion del siguiente empleado: 3 Caradagian 24 Ring 1998-05-17
  2022-03-11 02:44:01 INFO  TestLog:59 - Ha sido borrada la informacion del empleado: 3 Caradagian 24 Ring 1998-05-17
  2022-03-11 02:45:15 DEBUG TestLog:47 - Ha sido actualizada la informacion del siguiente empleado: 3 Caradagian 24 Ring 1998-05-17
  2022-03-11 02:45:15 INFO  TestLog:59 - Ha sido borrada la informacion del empleado: 5 apolo 25 sarasa 1996-05-15
  2022-03-11 02:47:52 DEBUG TestLog:47 - Ha sido actualizada la informacion del siguiente empleado: 3 Caradagian 24 Ring 1998-05-17
  2022-03-11 02:47:52 INFO  TestLog:59 - Ha sido borrada la informacion del empleado: 5 apolo 25 sarasa 1996-05-15
  2022-03-11 02:48:33 DEBUG TestLog:47 - Ha sido actualizada la informacion del siguiente empleado: 3 Caradagian 24 Ring 1998-05-17
  2022-03-11 02:48:33 INFO  TestLog:59 - Ha sido borrada la informacion del empleado: 5 apolo 25 sarasa 1996-05-15
  2022-03-11 02:48:47 DEBUG TestLog:47 - Ha sido actualizada la informacion del siguiente empleado: 3 Caradagian 24 Ring 1998-05-17
  2022-03-11 02:48:47 INFO  TestLog:59 - Ha sido borrada la informacion del empleado: 5 apolo 25 sarasa 1996-05-15
  2022-03-11 02:49:33 DEBUG TestLog:47 - Ha sido actualizada la informacion del siguiente empleado: 3 Caradagian 24 Ring 1998-05-17
  2022-03-11 02:49:33 INFO  TestLog:59 - Ha sido borrada la informacion del empleado: 5 apolo 25 sarasa 1996-05-15
  2022-03-11 02:50:15 DEBUG TestLog:47 - Ha sido actualizada la informacion del siguiente empleado: 3 Caradagian 24 Ring 1998-05-17
  2022-03-11 02:50:15 INFO  TestLog:59 - Ha sido borrada la informacion del empleado: 5 apolo 25 sarasa 1996-05-15
  2022-03-11 02:50:15 INFO  TestLog:77 - Ha sido borrada la informacion del empleado: 4 el hombre de la barra de hielo 55 Ring 1998-05-17
  